<?xml version="1.0" encoding="UTF-8"?>
<testng-results ignored="0" total="1" passed="1" failed="0" skipped="0">
  <reporter-output>
  </reporter-output>
  <suite started-at="2022-09-13T17:07:36 IST" name="Default suite" finished-at="2022-09-13T17:07:41 IST" duration-ms="5435">
    <groups>
    </groups>
    <test started-at="2022-09-13T17:07:36 IST" name="Default test" finished-at="2022-09-13T17:07:41 IST" duration-ms="5435">
      <class name="newmaven.MavenReport">
        <test-method is-config="true" signature="setup()[pri:0, instance:newmaven.MavenReport@169e6180]" started-at="2022-09-13T17:07:36 IST" name="setup" finished-at="2022-09-13T17:07:37 IST" duration-ms="1444" status="PASS">
          <reporter-output>
          </reporter-output>
        </test-method> <!-- setup -->
        <test-method signature="test()[pri:0, instance:newmaven.MavenReport@169e6180]" started-at="2022-09-13T17:07:37 IST" name="test" finished-at="2022-09-13T17:07:39 IST" duration-ms="1542" status="PASS">
          <reporter-output>
          </reporter-output>
        </test-method> <!-- test -->
        <test-method is-config="true" signature="teardown()[pri:0, instance:newmaven.MavenReport@169e6180]" started-at="2022-09-13T17:07:39 IST" name="teardown" finished-at="2022-09-13T17:07:41 IST" duration-ms="2423" status="PASS">
          <reporter-output>
          </reporter-output>
        </test-method> <!-- teardown -->
      </class> <!-- newmaven.MavenReport -->
    </test> <!-- Default test -->
  </suite> <!-- Default suite -->
</testng-results>
